2023-12-02 12:47:37,685 [INFO] Activator:176 - 


2023-12-02 12:47:37,708 [INFO] Activator:177 - !SESSION log4j initialized
2023-12-02 12:47:47,390 [INFO] LogOutputStream:77 - [STDOUT_REDIRECT] 
2023-12-02 12:47:49,991 [INFO] ApplicationProperties:184 - Using Application install path: C:\ST\STM32CubeIDE_1.13.2\STM32CubeIDE\plugins\com.st.stm32cube.common.mx_6.9.2.202309101412
2023-12-02 12:47:50,036 [INFO] DbMcusXml:78 - Set database path to: C:\ST\STM32CubeIDE_1.13.2\STM32CubeIDE\plugins\com.st.stm32cube.common.mx_6.9.2.202309101412\\db\/mcu/
2023-12-02 12:47:50,036 [INFO] ApiDb:274 - Set plugin database path to: C:\ST\STM32CubeIDE_1.13.2\STM32CubeIDE\plugins\com.st.stm32cube.common.mx_6.9.2.202309101412\\db\/plugins/boardmanager/
2023-12-02 12:47:50,037 [WARN] ApiDb:259 - Overriding images path with different value:  => C:\ST\STM32CubeIDE_1.13.2\STM32CubeIDE\plugins\com.st.stm32cube.common.mx_6.9.2.202309101412\\db\/plugins/mcufinder/images/
2023-12-02 12:47:50,077 [INFO] ApiDb:250 - Set database path to: C:\Users\Bavly\.stmcufinder\plugins\mcufinder//mcu/
2023-12-02 12:47:50,078 [INFO] DbMcusAds:125 - Set database path to: C:\Users\Bavly\.stmcufinder\plugins\mcufinder//mcu/
2023-12-02 12:47:50,080 [INFO] CrossReferenceDbSqlite:203 - Set database path to: C:\Users\Bavly\.stmcufinder\plugins\mcufinder//mcu/cs/
2023-12-02 12:47:50,262 [INFO] RulesReader:64 - Compatibility file has been processed (293 Rules)
2023-12-02 12:47:50,467 [INFO] DbMcusXml:78 - Set database path to: C:\ST\STM32CubeIDE_1.13.2\STM32CubeIDE\plugins\com.st.stm32cube.common.mx_6.9.2.202309101412\\db\/mcu/
2023-12-02 12:47:50,467 [INFO] ApiDb:274 - Set plugin database path to: C:\ST\STM32CubeIDE_1.13.2\STM32CubeIDE\plugins\com.st.stm32cube.common.mx_6.9.2.202309101412\\db\/plugins/boardmanager/
2023-12-02 12:47:50,467 [INFO] ApiDb:261 - Set plugin images path to: C:\ST\STM32CubeIDE_1.13.2\STM32CubeIDE\plugins\com.st.stm32cube.common.mx_6.9.2.202309101412\\db\/plugins/mcufinder/images/
2023-12-02 12:47:50,467 [WARN] DbFile:41 - Overriding database path with different value: C:\Users\Bavly\.stmcufinder\plugins\mcufinder/ => C:\Users\Bavly\.stmcufinder\plugins\mcufinder
2023-12-02 12:47:50,467 [INFO] ApiDb:250 - Set database path to: C:\Users\Bavly\.stmcufinder\plugins\mcufinder//mcu/
2023-12-02 12:47:50,467 [WARN] DbFile:41 - Overriding database path with different value: C:\Users\Bavly\.stmcufinder\plugins\mcufinder/ => C:\Users\Bavly\.stmcufinder\plugins\mcufinder
2023-12-02 12:47:50,468 [INFO] DbMcusAds:125 - Set database path to: C:\Users\Bavly\.stmcufinder\plugins\mcufinder//mcu/
2023-12-02 12:47:50,468 [WARN] DbFile:41 - Overriding database path with different value: C:\Users\Bavly\.stmcufinder\plugins\mcufinder/ => C:\Users\Bavly\.stmcufinder\plugins\mcufinder
2023-12-02 12:47:50,468 [WARN] DbFile:41 - Overriding database path with different value: C:\Users\Bavly\.stmcufinder\plugins\mcufinder/ => C:\Users\Bavly\.stmcufinder\plugins\mcufinder
2023-12-02 12:47:50,468 [INFO] CrossReferenceDbSqlite:203 - Set database path to: C:\Users\Bavly\.stmcufinder\plugins\mcufinder//mcu/cs/
2023-12-02 12:47:50,592 [INFO] MainPanel:262 - HeapMemory: 268435456
2023-12-02 12:47:50,744 [INFO] DbMcusXml:78 - Set database path to: C:\ST\STM32CubeIDE_1.13.2\STM32CubeIDE\plugins\com.st.stm32cube.common.mx_6.9.2.202309101412\\db\/mcu/
2023-12-02 12:47:50,744 [INFO] ApiDb:274 - Set plugin database path to: C:\ST\STM32CubeIDE_1.13.2\STM32CubeIDE\plugins\com.st.stm32cube.common.mx_6.9.2.202309101412\\db\/plugins/boardmanager/
2023-12-02 12:47:50,744 [INFO] ApiDb:261 - Set plugin images path to: C:\ST\STM32CubeIDE_1.13.2\STM32CubeIDE\plugins\com.st.stm32cube.common.mx_6.9.2.202309101412\\db\/plugins/mcufinder/images/
2023-12-02 12:47:50,745 [WARN] DbFile:41 - Overriding database path with different value: C:\Users\Bavly\.stmcufinder\plugins\mcufinder/ => C:\Users\Bavly\.stmcufinder\plugins\mcufinder
2023-12-02 12:47:50,745 [INFO] ApiDb:250 - Set database path to: C:\Users\Bavly\.stmcufinder\plugins\mcufinder//mcu/
2023-12-02 12:47:50,745 [WARN] DbFile:41 - Overriding database path with different value: C:\Users\Bavly\.stmcufinder\plugins\mcufinder/ => C:\Users\Bavly\.stmcufinder\plugins\mcufinder
2023-12-02 12:47:50,745 [INFO] DbMcusAds:125 - Set database path to: C:\Users\Bavly\.stmcufinder\plugins\mcufinder//mcu/
2023-12-02 12:47:50,745 [WARN] DbFile:41 - Overriding database path with different value: C:\Users\Bavly\.stmcufinder\plugins\mcufinder/ => C:\Users\Bavly\.stmcufinder\plugins\mcufinder
2023-12-02 12:47:50,745 [WARN] DbFile:41 - Overriding database path with different value: C:\Users\Bavly\.stmcufinder\plugins\mcufinder/ => C:\Users\Bavly\.stmcufinder\plugins\mcufinder
2023-12-02 12:47:50,745 [INFO] CrossReferenceDbSqlite:203 - Set database path to: C:\Users\Bavly\.stmcufinder\plugins\mcufinder//mcu/cs/
2023-12-02 12:47:50,767 [INFO] ApplicationProperties:184 - Using Application install path: C:\ST\STM32CubeIDE_1.13.2\STM32CubeIDE\plugins\com.st.stm32cube.common.mx_6.9.2.202309101412
2023-12-02 12:47:50,768 [INFO] PluginManage:196 - Search for loadable plugins [exclusion list=, ]
2023-12-02 12:47:50,771 [INFO] PluginManage:310 - Check plugin analytics
2023-12-02 12:47:51,073 [INFO] AnalyticsPlugin:253 - Accepted Software Licenses: 
2023-12-02 12:47:51,073 [INFO] AnalyticsPlugin:255 - Accepted CMSIS Pack Licenses: 
2023-12-02 12:47:51,073 [INFO] AnalyticsPlugin:257 - Accepted Firmware Licenses: 
2023-12-02 12:47:51,076 [INFO] PluginManage:359 - Loaded plugin analytics (category:tool,tabindex:-1)
2023-12-02 12:47:51,077 [INFO] PluginManage:310 - Check plugin cadmodel
2023-12-02 12:47:51,121 [INFO] CADModel:105 - Init CAD model plugin
2023-12-02 12:47:51,121 [INFO] PluginManage:359 - Loaded plugin cadmodel (category:power,tabindex:5)
2023-12-02 12:47:51,122 [INFO] PluginManage:310 - Check plugin clock
2023-12-02 12:47:51,153 [INFO] PluginManage:359 - Loaded plugin clock (category:base,tabindex:2)
2023-12-02 12:47:51,153 [INFO] PluginManage:310 - Check plugin ddr
2023-12-02 12:47:51,170 [INFO] PluginManage:359 - Loaded plugin ddr (category:tool,tabindex:6)
2023-12-02 12:47:51,170 [INFO] PluginManage:310 - Check plugin filemanager
2023-12-02 12:47:51,351 [INFO] PluginManage:359 - Loaded plugin filemanager (category:base,tabindex:10)
2023-12-02 12:47:51,351 [INFO] PluginManage:310 - Check plugin ipmanager
2023-12-02 12:47:51,370 [INFO] PluginManage:359 - Loaded plugin ipmanager (category:base,tabindex:5)
2023-12-02 12:47:51,370 [INFO] PluginManage:310 - Check plugin lpbam
2023-12-02 12:47:51,403 [INFO] PluginManage:359 - Loaded plugin lpbam (category:base,tabindex:0)
2023-12-02 12:47:51,403 [INFO] PluginManage:310 - Check plugin memorymap
2023-12-02 12:47:51,453 [INFO] PluginManage:359 - Loaded plugin memorymap (category:base,tabindex:4)
2023-12-02 12:47:51,453 [INFO] PluginManage:310 - Check plugin pinoutandconfiguration
2023-12-02 12:47:51,482 [INFO] PluginManage:359 - Loaded plugin pinoutandconfiguration (category:base,tabindex:1)
2023-12-02 12:47:51,482 [INFO] PluginManage:310 - Check plugin pinoutconfig
2023-12-02 12:47:51,627 [WARN] SupportedApi:132 - Cannot load RTOS API schema: s4s-elt-must-match.1: The content of 'definitions' must match (annotation?, (simpleType | complexType)?, (unique | key | keyref)*)). A problem was found starting at: attribute.
2023-12-02 12:47:51,768 [INFO] PluginManage:359 - Loaded plugin pinoutconfig (category:base,tabindex:0)
2023-12-02 12:47:51,768 [INFO] PluginManage:310 - Check plugin power
2023-12-02 12:47:51,829 [INFO] PluginManage:359 - Loaded plugin power (category:power,tabindex:4)
2023-12-02 12:47:51,829 [INFO] PluginManage:310 - Check plugin projectmanager
2023-12-02 12:47:51,854 [INFO] PluginManage:359 - Loaded plugin projectmanager (category:projectmanager,tabindex:3)
2023-12-02 12:47:51,854 [INFO] PluginManage:310 - Check plugin thirdparty
2023-12-02 12:47:52,297 [INFO] PluginManage:359 - Loaded plugin thirdparty (category:base,tabindex:-1)
2023-12-02 12:47:52,297 [WARN] IntegrityCheckThread:84 - waiting for thirdparty lock release [integrity check]
2023-12-02 12:47:52,297 [INFO] PluginManage:310 - Check plugin tools
2023-12-02 12:47:52,297 [INFO] IntegrityCheckThread:86 - entering critical section [integrity check]
2023-12-02 12:47:52,297 [INFO] ThirdPartyUpdaterWithRetryManager:70 - Updater plugin not ready yet. [1/15]
2023-12-02 12:47:52,339 [INFO] PluginManage:359 - Loaded plugin tools (category:base,tabindex:7)
2023-12-02 12:47:52,339 [INFO] PluginManage:310 - Check plugin tutovideos
2023-12-02 12:47:52,585 [INFO] PluginManage:359 - Loaded plugin tutovideos (category:base,tabindex:-1)
2023-12-02 12:47:52,585 [INFO] PluginManage:310 - Check plugin updater
2023-12-02 12:47:52,607 [INFO] PluginManage:359 - Loaded plugin updater (category:base,tabindex:12)
2023-12-02 12:47:52,607 [INFO] PluginManage:310 - Check plugin userauth
2023-12-02 12:47:52,618 [INFO] UserAuth:113 - Init User Auth plugin
2023-12-02 12:47:52,618 [INFO] PluginManage:359 - Loaded plugin userauth (category:base,tabindex:14)
2023-12-02 12:47:52,619 [INFO] PluginManage:283 - PluginManage : Loaded plugins [17]
2023-12-02 12:47:52,824 [INFO] PinOutPanel:1499 - setPackage(No Configuration,No Configuration)
2023-12-02 12:47:52,989 [INFO] CADModel:165 - CPN selected for project level
2023-12-02 12:47:52,989 [INFO] CADModel:114 - Register for checkConnection events
2023-12-02 12:47:53,046 [INFO] IPUIPlugin:80 - create IPUIPlugin
2023-12-02 12:47:53,046 [INFO] PluginManager:220 - loadIPPluginJar : add adc
2023-12-02 12:47:53,101 [INFO] IPUIPlugin:80 - create IPUIPlugin
2023-12-02 12:47:53,101 [INFO] PluginManager:220 - loadIPPluginJar : add aes
2023-12-02 12:47:53,139 [INFO] IPUIPlugin:80 - create IPUIPlugin
2023-12-02 12:47:53,139 [INFO] PluginManager:220 - loadIPPluginJar : add can
2023-12-02 12:47:53,170 [INFO] IPUIPlugin:80 - create IPUIPlugin
2023-12-02 12:47:53,170 [INFO] PluginManager:220 - loadIPPluginJar : add comp
2023-12-02 12:47:53,214 [INFO] IPUIPlugin:80 - create IPUIPlugin
2023-12-02 12:47:53,214 [INFO] PluginManager:220 - loadIPPluginJar : add cryp
2023-12-02 12:47:53,254 [INFO] IPUIPlugin:80 - create IPUIPlugin
2023-12-02 12:47:53,255 [INFO] PluginManager:220 - loadIPPluginJar : add dfsdm
2023-12-02 12:47:53,267 [INFO] IPUIPlugin:80 - create IPUIPlugin
2023-12-02 12:47:53,267 [INFO] PluginManager:220 - loadIPPluginJar : add dma
2023-12-02 12:47:53,352 [INFO] IPUIPlugin:80 - create IPUIPlugin
2023-12-02 12:47:53,352 [INFO] PluginManager:220 - loadIPPluginJar : add dma3
2023-12-02 12:47:53,404 [INFO] IPUIPlugin:80 - create IPUIPlugin
2023-12-02 12:47:53,404 [INFO] PluginManager:220 - loadIPPluginJar : add fatfs
2023-12-02 12:47:53,455 [INFO] IPUIPlugin:80 - create IPUIPlugin
2023-12-02 12:47:53,455 [INFO] PluginManager:220 - loadIPPluginJar : add fmc
2023-12-02 12:47:53,490 [INFO] IPUIPlugin:80 - create IPUIPlugin
2023-12-02 12:47:53,490 [INFO] PluginManager:220 - loadIPPluginJar : add freertos
2023-12-02 12:47:53,522 [INFO] IPUIPlugin:80 - create IPUIPlugin
2023-12-02 12:47:53,522 [INFO] PluginManager:220 - loadIPPluginJar : add genericplugin
2023-12-02 12:47:53,608 [INFO] IPUIPlugin:80 - create IPUIPlugin
2023-12-02 12:47:53,608 [INFO] PluginManager:220 - loadIPPluginJar : add gfxmmu
2023-12-02 12:47:53,721 [INFO] IPUIPlugin:80 - create IPUIPlugin
2023-12-02 12:47:53,721 [INFO] PluginManager:220 - loadIPPluginJar : add gic
2023-12-02 12:47:53,738 [INFO] IPUIPlugin:80 - create IPUIPlugin
2023-12-02 12:47:53,738 [INFO] PluginManager:220 - loadIPPluginJar : add gpio
2023-12-02 12:47:53,810 [INFO] IPUIPlugin:80 - create IPUIPlugin
2023-12-02 12:47:53,811 [INFO] PluginManager:220 - loadIPPluginJar : add gtzc
2023-12-02 12:47:53,845 [INFO] IPUIPlugin:80 - create IPUIPlugin
2023-12-02 12:47:53,846 [INFO] PluginManager:220 - loadIPPluginJar : add hash
2023-12-02 12:47:53,913 [INFO] IPUIPlugin:80 - create IPUIPlugin
2023-12-02 12:47:53,914 [INFO] PluginManager:220 - loadIPPluginJar : add i2c
2023-12-02 12:47:53,983 [INFO] IPUIPlugin:80 - create IPUIPlugin
2023-12-02 12:47:53,983 [INFO] PluginManager:220 - loadIPPluginJar : add i2s
2023-12-02 12:47:54,026 [INFO] IPUIPlugin:80 - create IPUIPlugin
2023-12-02 12:47:54,026 [INFO] PluginManager:220 - loadIPPluginJar : add i3c
2023-12-02 12:47:54,204 [INFO] IPUIPlugin:80 - create IPUIPlugin
2023-12-02 12:47:54,204 [INFO] PluginManager:220 - loadIPPluginJar : add ipddr
2023-12-02 12:47:54,300 [INFO] IPUIPlugin:80 - create IPUIPlugin
2023-12-02 12:47:54,300 [INFO] PluginManager:220 - loadIPPluginJar : add linkedlist
2023-12-02 12:47:54,329 [INFO] IPUIPlugin:80 - create IPUIPlugin
2023-12-02 12:47:54,329 [INFO] PluginManager:220 - loadIPPluginJar : add lorawan
2023-12-02 12:47:54,378 [INFO] IPUIPlugin:80 - create IPUIPlugin
2023-12-02 12:47:54,378 [INFO] PluginManager:220 - loadIPPluginJar : add ltdc
2023-12-02 12:47:54,412 [INFO] IPUIPlugin:80 - create IPUIPlugin
2023-12-02 12:47:54,412 [INFO] PluginManager:220 - loadIPPluginJar : add mdma
2023-12-02 12:47:54,422 [INFO] IPUIPlugin:80 - create IPUIPlugin
2023-12-02 12:47:54,422 [INFO] PluginManager:220 - loadIPPluginJar : add nvic
2023-12-02 12:47:54,479 [INFO] IPUIPlugin:80 - create IPUIPlugin
2023-12-02 12:47:54,479 [INFO] PluginManager:220 - loadIPPluginJar : add opamp
2023-12-02 12:47:54,546 [INFO] IPUIPlugin:80 - create IPUIPlugin
2023-12-02 12:47:54,546 [INFO] PluginManager:220 - loadIPPluginJar : add openamp
2023-12-02 12:47:54,602 [INFO] IPUIPlugin:80 - create IPUIPlugin
2023-12-02 12:47:54,602 [INFO] PluginManager:220 - loadIPPluginJar : add pdm2pcm
2023-12-02 12:47:54,614 [INFO] IPUIPlugin:80 - create IPUIPlugin
2023-12-02 12:47:54,615 [INFO] PluginManager:220 - loadIPPluginJar : add plateformsettings
2023-12-02 12:47:54,657 [INFO] IPUIPlugin:80 - create IPUIPlugin
2023-12-02 12:47:54,657 [INFO] PluginManager:220 - loadIPPluginJar : add quadspi
2023-12-02 12:47:54,682 [INFO] IPUIPlugin:80 - create IPUIPlugin
2023-12-02 12:47:54,682 [INFO] PluginManager:220 - loadIPPluginJar : add resmgrutility
2023-12-02 12:47:54,735 [INFO] IPUIPlugin:80 - create IPUIPlugin
2023-12-02 12:47:54,735 [INFO] PluginManager:220 - loadIPPluginJar : add sai
2023-12-02 12:47:54,779 [INFO] IPUIPlugin:80 - create IPUIPlugin
2023-12-02 12:47:54,780 [INFO] PluginManager:220 - loadIPPluginJar : add spi
2023-12-02 12:47:54,847 [INFO] IPUIPlugin:80 - create IPUIPlugin
2023-12-02 12:47:54,847 [INFO] PluginManager:220 - loadIPPluginJar : add stm32_wpan
2023-12-02 12:47:54,867 [INFO] IPUIPlugin:80 - create IPUIPlugin
2023-12-02 12:47:54,867 [INFO] PluginManager:220 - loadIPPluginJar : add tim
2023-12-02 12:47:54,924 [INFO] IPUIPlugin:80 - create IPUIPlugin
2023-12-02 12:47:54,924 [INFO] PluginManager:220 - loadIPPluginJar : add touchsensing
2023-12-02 12:47:54,962 [INFO] IPUIPlugin:80 - create IPUIPlugin
2023-12-02 12:47:54,962 [INFO] PluginManager:220 - loadIPPluginJar : add tracer_emb
2023-12-02 12:47:54,990 [INFO] IPUIPlugin:80 - create IPUIPlugin
2023-12-02 12:47:54,990 [INFO] PluginManager:220 - loadIPPluginJar : add ts
2023-12-02 12:47:55,030 [INFO] IPUIPlugin:80 - create IPUIPlugin
2023-12-02 12:47:55,030 [INFO] PluginManager:220 - loadIPPluginJar : add tsc
2023-12-02 12:47:55,089 [INFO] IPUIPlugin:80 - create IPUIPlugin
2023-12-02 12:47:55,089 [INFO] PluginManager:220 - loadIPPluginJar : add ucpd
2023-12-02 12:47:55,144 [INFO] IPUIPlugin:80 - create IPUIPlugin
2023-12-02 12:47:55,144 [INFO] PluginManager:220 - loadIPPluginJar : add usart
2023-12-02 12:47:55,210 [INFO] IPUIPlugin:80 - create IPUIPlugin
2023-12-02 12:47:55,210 [INFO] PluginManager:220 - loadIPPluginJar : add usbx
2023-12-02 12:47:55,298 [INFO] ThirdPartyUpdaterWithRetryManager:70 - Updater plugin not ready yet. [2/15]
2023-12-02 12:47:55,347 [INFO] CADModel:165 - CPN selected for project level
2023-12-02 12:47:55,347 [INFO] CADModel:114 - Register for checkConnection events
2023-12-02 12:47:55,347 [FATAL] Updater:308 - Updater called before beeing initialized
2023-12-02 12:47:55,347 [ERROR] CADModel:125 - Updater not yet initialized, retry later 
2023-12-02 12:47:55,554 [INFO] CADModel:165 - CPN selected for project level
2023-12-02 12:47:55,554 [INFO] CADModel:114 - Register for checkConnection events
2023-12-02 12:47:55,554 [FATAL] Updater:308 - Updater called before beeing initialized
2023-12-02 12:47:55,555 [ERROR] CADModel:125 - Updater not yet initialized, retry later 
2023-12-02 12:47:55,558 [FATAL] Updater:308 - Updater called before beeing initialized
2023-12-02 12:47:55,685 [FATAL] Updater:308 - Updater called before beeing initialized
2023-12-02 12:47:55,694 [INFO] DbMcusAds:53 - JSON generation date=Tue Mar 07 10:50:55 EET 2023 (1678179055335)
2023-12-02 12:47:55,694 [FATAL] Updater:308 - Updater called before beeing initialized
2023-12-02 12:47:55,884 [WARN] DetailPanel:346 - Failed to get advertising image, set to default
2023-12-02 12:47:56,055 [FATAL] Updater:308 - Updater called before beeing initialized
2023-12-02 12:47:56,057 [FATAL] Updater:308 - Updater called before beeing initialized
2023-12-02 12:47:56,057 [FATAL] Updater:308 - Updater called before beeing initialized
2023-12-02 12:47:56,057 [WARN] DetailPanel:346 - Failed to get advertising image, set to default
2023-12-02 12:47:56,058 [FATAL] Updater:308 - Updater called before beeing initialized
2023-12-02 12:47:56,178 [ERROR] Updater:1120 - MainUpdater not yet initialized. External WinMGr cannot be set.
2023-12-02 12:47:56,198 [INFO] Updater:1056 - Updater Version found : 6.9.2
2023-12-02 12:47:56,244 [INFO] ApplicationProperties:184 - Using Application install path: C:\ST\STM32CubeIDE_1.13.2\STM32CubeIDE\plugins\com.st.stm32cube.common.mx_6.9.2.202309101412
2023-12-02 12:47:56,565 [INFO] MainUpdater:2868 - connection check result : 10
2023-12-02 12:47:56,566 [INFO] MainUpdater:285 - Updater Check For Update Now.
2023-12-02 12:47:56,566 [INFO] MicroXplorer:498 - Change Database Version : DB.6.0.92
2023-12-02 12:47:56,767 [INFO] McuFinderGlobals:63 - Set McuFinder mode to 2 (CubeIDE integrated)
2023-12-02 12:47:56,767 [INFO] UserAuth:179 - activating auth plugin
2023-12-02 12:47:56,794 [INFO] UserAuth:393 - Internet connection configuration mode: 1
2023-12-02 12:47:56,923 [INFO] JxBrowserEngine:151 - Initiate JxBrowser Engine with user profile folder
2023-12-02 12:47:57,067 [INFO] CheckServerUpdateThread:120 - End of CheckServer Thread
2023-12-02 12:47:58,748 [WARN] PackLoader:240 - Cannot read IP mode file for STMicroelectronics.X-CUBE-SMBUS.2.1.0
2023-12-02 12:47:58,856 [WARN] PackLoader:240 - Cannot read IP mode file for STMicroelectronics.X-CUBE-AZRTOS-F7.1.1.0
2023-12-02 12:47:58,923 [WARN] PackLoader:240 - Cannot read IP mode file for STMicroelectronics.FP-SNS-MOTENV1.4.3.2
2023-12-02 12:47:58,951 [WARN] PackLoader:240 - Cannot read IP mode file for STMicroelectronics.FP-SNS-FLIGHT1.5.0.2
2023-12-02 12:47:59,005 [WARN] PackLoader:240 - Cannot read IP mode file for STMicroelectronics.X-CUBE-DISPLAY.3.0.0
2023-12-02 12:47:59,059 [WARN] PackLoader:240 - Cannot read IP mode file for STMicroelectronics.X-CUBE-BLE1.7.0.0
2023-12-02 12:47:59,087 [WARN] PackLoader:240 - Cannot read IP mode file for emotas.I-CUBE-CANOPEN.1.3.0
2023-12-02 12:47:59,150 [WARN] PackLoader:240 - Cannot read IP mode file for STMicroelectronics.X-CUBE-TOUCHGFX.4.22.1
2023-12-02 12:47:59,171 [WARN] PackLoader:240 - Cannot read IP mode file for STMicroelectronics.FP-SNS-SMARTAG2.1.2.0
2023-12-02 12:47:59,198 [INFO] LogOutputStream:77 - [STDOUT_REDIRECT] 1 : Invalid condition id : UX_CORESTACK_Condition cause : null
2023-12-02 12:47:59,198 [INFO] LogOutputStream:77 - [STDOUT_REDIRECT] 1 : Invalid condition id : UX_CORESTACK_Condition cause : null
2023-12-02 12:47:59,199 [INFO] LogOutputStream:77 - [STDOUT_REDIRECT] 1 : Invalid condition id : UX_CORESTACK_Condition cause : null
2023-12-02 12:47:59,200 [INFO] LogOutputStream:77 - [STDOUT_REDIRECT] 1 : Invalid condition id : UX_CORESTACK_Condition cause : null
2023-12-02 12:47:59,201 [INFO] LogOutputStream:77 - [STDOUT_REDIRECT] 1 : Invalid condition id : UX_CORESTACK_Condition cause : null
2023-12-02 12:47:59,203 [WARN] PackLoader:240 - Cannot read IP mode file for STMicroelectronics.X-CUBE-AZRTOS-WL.2.0.0
2023-12-02 12:47:59,236 [WARN] PackLoader:240 - Cannot read IP mode file for WES.I-CUBE-Cesium.1.3.0
2023-12-02 12:47:59,271 [WARN] PackLoader:240 - Cannot read IP mode file for STMicroelectronics.X-CUBE-BLE2.3.3.0
2023-12-02 12:47:59,299 [WARN] PackLoader:240 - Cannot read IP mode file for STMicroelectronics.X-CUBE-ALGOBUILD.1.3.0
2023-12-02 12:47:59,402 [WARN] PackLoader:240 - Cannot read IP mode file for STMicroelectronics.X-CUBE-AZRTOS-G0.1.1.0
2023-12-02 12:47:59,482 [WARN] PackLoader:240 - Cannot read IP mode file for STMicroelectronics.X-CUBE-NFC4.3.0.0
2023-12-02 12:47:59,510 [WARN] PackLoader:240 - Cannot read IP mode file for STMicroelectronics.X-CUBE-BLEMGR.3.0.0
2023-12-02 12:47:59,536 [WARN] PackLoader:240 - Cannot read IP mode file for STMicroelectronics.FP-ATR-SIGFOX1.3.2.0
2023-12-02 12:47:59,576 [WARN] PackLoader:240 - Cannot read IP mode file for STMicroelectronics.X-CUBE-GNSS1.6.0.0
2023-12-02 12:47:59,655 [WARN] PackLoader:240 - Cannot read IP mode file for STMicroelectronics.X-CUBE-AZRTOS-F4.1.1.0
2023-12-02 12:47:59,680 [WARN] PackLoader:240 - Cannot read IP mode file for wolfSSL.I-CUBE-wolfSSL.5.6.4
2023-12-02 12:47:59,727 [WARN] PackLoader:240 - Cannot read IP mode file for STMicroelectronics.X-CUBE-AZRTOS-L5.2.0.0
2023-12-02 12:47:59,774 [WARN] PackLoader:240 - Cannot read IP mode file for STMicroelectronics.X-CUBE-EEPRMA1.4.2.0
2023-12-02 12:47:59,794 [WARN] PackLoader:240 - Cannot read IP mode file for ITTIA_DB.I-CUBE-ITTIADB.8.8.0
2023-12-02 12:47:59,831 [WARN] ConditionMgr:438 - getConditionDescription Invalid condition id : UX DEVICE CLASS RTOS Condition cause : null
2023-12-02 12:47:59,831 [WARN] ConditionMgr:438 - getConditionDescription Invalid condition id : UX DEVICE CLASS RTOS Condition cause : null
2023-12-02 12:47:59,833 [WARN] PackLoader:240 - Cannot read IP mode file for STMicroelectronics.X-CUBE-AZRTOS-H7.3.1.0
2023-12-02 12:47:59,834 [WARN] ConditionMgr:1039 - genDependencies : Invalid condition id : UX DEVICE CLASS RTOS Condition cause : null
2023-12-02 12:47:59,834 [WARN] ConditionMgr:1039 - genDependencies : Invalid condition id : UX DEVICE CLASS RTOS Condition cause : null
2023-12-02 12:47:59,834 [WARN] ConditionMgr:1039 - genDependencies : Invalid condition id : UX DEVICE CLASS RTOS Condition cause : null
2023-12-02 12:47:59,834 [WARN] ConditionMgr:1039 - genDependencies : Invalid condition id : UX DEVICE CLASS RTOS Condition cause : null
2023-12-02 12:47:59,834 [WARN] ConditionMgr:1039 - genDependencies : Invalid condition id : UX DEVICE CLASS RTOS Condition cause : null
2023-12-02 12:47:59,881 [WARN] PackLoader:240 - Cannot read IP mode file for STMicroelectronics.X-CUBE-NFC7.1.0.1
2023-12-02 12:47:59,909 [WARN] PackLoader:240 - Cannot read IP mode file for STMicroelectronics.X-CUBE-NFC6.3.0.0
2023-12-02 12:48:00,004 [WARN] PackLoader:240 - Cannot read IP mode file for STMicroelectronics.X-CUBE-AI.8.1.0
2023-12-02 12:48:00,107 [WARN] ConditionMgr:438 - getConditionDescription Invalid condition id : LAN8742 Phy interface Condition cause : null
2023-12-02 12:48:00,108 [WARN] PackLoader:240 - Cannot read IP mode file for STMicroelectronics.X-CUBE-AZRTOS-L4.2.0.0
2023-12-02 12:48:00,109 [WARN] ConditionMgr:1039 - genDependencies : Invalid condition id : LAN8742 Phy interface Condition cause : null
2023-12-02 12:48:00,109 [WARN] ConditionMgr:1039 - genDependencies : Invalid condition id : LAN8742 Phy interface Condition cause : null
2023-12-02 12:48:00,109 [WARN] ConditionMgr:1039 - genDependencies : Invalid condition id : LAN8742 Phy interface Condition cause : null
2023-12-02 12:48:00,131 [WARN] PackLoader:240 - Cannot read IP mode file for STMicroelectronics.X-CUBE-SFXS2LP1.4.0.0
2023-12-02 12:48:00,175 [WARN] PackLoader:240 - Cannot read IP mode file for STMicroelectronics.X-CUBE-ISPU.1.1.0
2023-12-02 12:48:00,233 [WARN] ConditionMgr:438 - getConditionDescription Invalid condition id : UX DEVICE CLASS RTOS Condition cause : null
2023-12-02 12:48:00,233 [WARN] ConditionMgr:438 - getConditionDescription Invalid condition id : UX DEVICE CLASS RTOS Condition cause : null
2023-12-02 12:48:00,234 [WARN] PackLoader:240 - Cannot read IP mode file for STMicroelectronics.X-CUBE-AZRTOS-WB.2.0.0
2023-12-02 12:48:00,234 [WARN] ConditionMgr:1039 - genDependencies : Invalid condition id : UX DEVICE CLASS RTOS Condition cause : null
2023-12-02 12:48:00,235 [WARN] ConditionMgr:1039 - genDependencies : Invalid condition id : UX DEVICE CLASS RTOS Condition cause : null
2023-12-02 12:48:00,235 [WARN] ConditionMgr:1039 - genDependencies : Invalid condition id : UX DEVICE CLASS RTOS Condition cause : null
2023-12-02 12:48:00,235 [WARN] ConditionMgr:1039 - genDependencies : Invalid condition id : UX DEVICE CLASS RTOS Condition cause : null
2023-12-02 12:48:00,235 [WARN] ConditionMgr:1039 - genDependencies : Invalid condition id : UX DEVICE CLASS RTOS Condition cause : null
2023-12-02 12:48:00,279 [WARN] PackLoader:240 - Cannot read IP mode file for STMicroelectronics.X-CUBE-SUBG2.5.0.0
2023-12-02 12:48:00,332 [WARN] PackLoader:240 - Cannot read IP mode file for STMicroelectronics.X-CUBE-TOF1.3.3.1
2023-12-02 12:48:00,384 [WARN] PackLoader:240 - Cannot read IP mode file for STMicroelectronics.X-CUBE-AZRTOS-G4.2.0.0
2023-12-02 12:48:00,450 [WARN] PackLoader:240 - Cannot read IP mode file for Infineon.AIROC-Wi-Fi-Bluetooth-STM32.1.5.1
2023-12-02 12:48:00,485 [WARN] PackLoader:240 - Cannot read IP mode file for STMicroelectronics.FP-SNS-MOTENVWB1.1.3.0
2023-12-02 12:48:00,552 [WARN] PackLoader:240 - Cannot read IP mode file for STMicroelectronics.X-CUBE-MEMS1.10.0.0
2023-12-02 12:48:00,661 [WARN] PackLoader:240 - Cannot read IP mode file for STMicroelectronics.X-CUBE-FREERTOS.1.1.0
2023-12-02 12:48:00,692 [WARN] PackLoader:240 - Cannot read IP mode file for portGmbH.I-Cube-SoM-uGOAL.1.1.0
2023-12-02 12:48:00,712 [WARN] PackLoader:240 - Cannot read IP mode file for STMicroelectronics.X-CUBE-ALS.1.0.1
2023-12-02 12:48:00,734 [WARN] PackLoader:240 - Cannot read IP mode file for STMicroelectronics.FP-ATR-ASTRA1.2.0.0
2023-12-02 12:48:00,791 [WARN] PackLoader:240 - Cannot read IP mode file for STMicroelectronics.X-CUBE-TOF1.3.4.0
2023-12-02 12:48:00,798 [INFO] ThirdParty:978 - Integrity check success = true
2023-12-02 12:48:00,798 [INFO] IntegrityCheckThread:100 - exiting critical section [integrity check]
2023-12-02 12:48:00,798 [INFO] IntegrityCheckThread:103 - End integrity checks thread
2023-12-02 12:48:07,647 [INFO] WebApp:157 - Instantiating new browser for Auth
2023-12-02 12:48:10,692 [INFO] WebApp:753 - Register for checkConnection events
2023-12-02 12:48:10,692 [INFO] WebApp:390 - Apply proxy settings
2023-12-02 12:48:10,692 [INFO] WebApp:475 - Chromium requires no authentication
2023-12-02 12:48:10,716 [INFO] WebApp:418 - Direct internet connection detected
2023-12-02 12:48:10,899 [INFO] WebApp:188 - Starting web application
2023-12-02 12:48:10,899 [INFO] WebApp:520 - Web application path used C:\ST\STM32CubeIDE_1.13.2\STM32CubeIDE\plugins\com.st.stm32cube.common.mx_6.9.2.202309101412\db\plugins\mcufinder\reactClient1\index.html
2023-12-02 12:48:32,694 [ERROR] LogOutputStream:75 - [STDERR_REDIRECT] SLF4J: Failed to load class "org.slf4j.impl.StaticLoggerBinder".
2023-12-02 12:48:32,695 [ERROR] LogOutputStream:75 - [STDERR_REDIRECT] SLF4J: Defaulting to no-operation (NOP) logger implementation
2023-12-02 12:48:32,696 [ERROR] LogOutputStream:75 - [STDERR_REDIRECT] SLF4J: See http://www.slf4j.org/codes.html#StaticLoggerBinder for further details.
